<?xml version="1.0" encoding="UTF-8"?>
<!-- Generated by org.testng.reporters.JUnitReportReporter -->
<testsuite hostname="DESKTOP-7306D33" failures="0" tests="3" name="Task.Itqantask" time="5.954" errors="0" timestamp="27 Aug 2022 20:02:11 GMT">
  <testcase classname="Task.Itqantask" name="create_new_account" time="0.897"/>
  <testcase classname="Task.Itqantask" name="registration" time="3.837"/>
  <testcase classname="Task.Itqantask" name="open_account_page" time="1.220"/>
</testsuite> <!-- Task.Itqantask -->
